<?xml version="1.0" encoding="UTF-8"?>
<!-- Generated by org.testng.reporters.JUnitXMLReporter -->
<testsuite ignored="0" hostname="chethan" failures="0" tests="0" name="ChromeTests" time="0.599" errors="0" timestamp="2025-07-09T14:52:33 IST">
  <testcase classname="io.cucumber.testng.AbstractTestNGCucumberTests" name="@BeforeClass setUpClass" time="0.518">
    <failure type="io.cucumber.core.gherkin.FeatureParserException" message="Failed to parse resource at: file:///C:/Users/Cheth/eclipse-workspace/cucumber-selenium-testng/src/test/resources/features/Login.feature
(19:3): expected: #EOF, #Language, #TagLine, #FeatureLine, #Comment, #Empty, got &amp;apos;Background: open the website and navigate to bookstore application&amp;apos;
(20:4): expected: #EOF, #Language, #TagLine, #FeatureLine, #Comment, #Empty, got &amp;apos;Given I navigate to &amp;quot;https://demoqa.com&amp;quot;&amp;apos;
(21:4): expected: #EOF, #Language, #TagLine, #FeatureLine, #Comment, #Empty, got &amp;apos;When I click on books store application card&amp;apos;
(22:4): expected: #EOF, #Language, #TagLine, #FeatureLine, #Comment, #Empty, got &amp;apos;Then I should land on books store page and Login button should be visible&amp;apos;
(26:3): expected: #TagLine, #FeatureLine, #Comment, #Empty, got &amp;apos;Scenario: Login scenario&amp;apos;
(27:4): expected: #TagLine, #FeatureLine, #Comment, #Empty, got &amp;apos;Given I navigate to&amp;apos;
(28:4): expected: #TagLine, #FeatureLine, #Comment, #Empty, got &amp;apos;When I enter valid username &amp;quot;james&amp;quot; and password &amp;quot; Password5&amp;quot; and login&amp;apos;
(29:4): expected: #TagLine, #FeatureLine, #Comment, #Empty, got &amp;apos;Then I should be able to login&amp;apos;
(32:3): expected: #TagLine, #FeatureLine, #Comment, #Empty, got &amp;apos;Scenario Outline: Title of your scenario outline&amp;apos;
(33:5): expected: #TagLine, #FeatureLine, #Comment, #Empty, got &amp;apos;Given I want to write a step with &amp;lt;name&amp;gt;&amp;apos;
(34:5): expected: #TagLine, #FeatureLine, #Comment, #Empty, got &amp;apos;When I check for the &amp;lt;value&amp;gt; in step&amp;apos;">
      <![CDATA[io.cucumber.core.gherkin.FeatureParserException: Failed to parse resource at: file:///C:/Users/Cheth/eclipse-workspace/cucumber-selenium-testng/src/test/resources/features/Login.feature
(19:3): expected: #EOF, #Language, #TagLine, #FeatureLine, #Comment, #Empty, got 'Background: open the website and navigate to bookstore application'
(20:4): expected: #EOF, #Language, #TagLine, #FeatureLine, #Comment, #Empty, got 'Given I navigate to "https://demoqa.com"'
(21:4): expected: #EOF, #Language, #TagLine, #FeatureLine, #Comment, #Empty, got 'When I click on books store application card'
(22:4): expected: #EOF, #Language, #TagLine, #FeatureLine, #Comment, #Empty, got 'Then I should land on books store page and Login button should be visible'
(26:3): expected: #TagLine, #FeatureLine, #Comment, #Empty, got 'Scenario: Login scenario'
(27:4): expected: #TagLine, #FeatureLine, #Comment, #Empty, got 'Given I navigate to'
(28:4): expected: #TagLine, #FeatureLine, #Comment, #Empty, got 'When I enter valid username "james" and password " Password5" and login'
(29:4): expected: #TagLine, #FeatureLine, #Comment, #Empty, got 'Then I should be able to login'
(32:3): expected: #TagLine, #FeatureLine, #Comment, #Empty, got 'Scenario Outline: Title of your scenario outline'
(33:5): expected: #TagLine, #FeatureLine, #Comment, #Empty, got 'Given I want to write a step with <name>'
(34:5): expected: #TagLine, #FeatureLine, #Comment, #Empty, got 'When I check for the <value> in step'
at io.cucumber.core.gherkin.messages.GherkinMessagesFeatureParser.parse(GherkinMessagesFeatureParser.java:56)
at io.cucumber.core.feature.FeatureParser.parseResource(FeatureParser.java:46)
at java.base/java.util.function.BiFunction.lambda$andThen$0(BiFunction.java:70)
at io.cucumber.core.resource.ResourceScanner.lambda$processResource$1(ResourceScanner.java:79)
at io.cucumber.core.resource.PathScanner$ResourceFileVisitor.visitFile(PathScanner.java:75)
at io.cucumber.core.resource.PathScanner$ResourceFileVisitor.visitFile(PathScanner.java:60)
at java.base/java.nio.file.Files.walkFileTree(Files.java:2811)
at io.cucumber.core.resource.PathScanner.findResourcesForPath(PathScanner.java:53)
at io.cucumber.core.resource.PathScanner.findResourcesForUri(PathScanner.java:31)
at io.cucumber.core.resource.ResourceScanner.findResourcesForUri(ResourceScanner.java:61)
at io.cucumber.core.resource.ResourceScanner.scanForResourcesUri(ResourceScanner.java:134)
at io.cucumber.core.runtime.FeaturePathFeatureSupplier.loadFeatures(FeaturePathFeatureSupplier.java:62)
at io.cucumber.core.runtime.FeaturePathFeatureSupplier.get(FeaturePathFeatureSupplier.java:45)
at io.cucumber.testng.TestNGCucumberRunner.<init>(TestNGCucumberRunner.java:122)
at io.cucumber.testng.AbstractTestNGCucumberTests.setUpClass(AbstractTestNGCucumberTests.java:27)
at java.base/java.util.concurrent.Executors$RunnableAdapter.call(Executors.java:539)
at java.base/java.util.concurrent.FutureTask.run(FutureTask.java:264)
at java.base/java.util.concurrent.ThreadPoolExecutor.runWorker(ThreadPoolExecutor.java:1136)
at java.base/java.util.concurrent.ThreadPoolExecutor$Worker.run(ThreadPoolExecutor.java:635)
at java.base/java.lang.Thread.run(Thread.java:842)
... Removed 11 stack frames]]>
    </failure>
  </testcase> <!-- @BeforeClass setUpClass -->
  <testcase classname="testRunners.ParallelTestRunner" name="@BeforeClass setupBrowser" time="0.0">
    <skipped/>
  </testcase> <!-- @BeforeClass setupBrowser -->
</testsuite> <!-- ChromeTests -->
