<!DOCTYPE html PUBLIC "-//W3C//DTD XHTML 1.1//EN" "https://www.w3.org/TR/xhtml11/DTD/xhtml11.dtd">
<html xmlns="https://www.w3.org/1999/xhtml">
<head>
<meta http-equiv="content-type" content="text/html; charset=UTF-8"/>
<title>TestNG Report</title>
<style type="text/css">table {margin-bottom:10px;border-collapse:collapse;empty-cells:show}th,td {border:1px solid #009;padding:.25em .5em}th {vertical-align:bottom}td {vertical-align:top}table a {font-weight:bold}.stripe td {background-color: #E6EBF9}.num {text-align:right}.passedodd td {background-color: #3F3}.passedeven td {background-color: #0A0}.skippedodd td {background-color: #DDD}.skippedeven td {background-color: #CCC}.failedodd td,.attn {background-color: #F33}.failedeven td,.stripe .attn {background-color: #D00}.stacktrace {white-space:pre;font-family:monospace}.totop {font-size:85%;text-align:center;border-bottom:2px solid #000}.invisible {display:none}</style>
</head>
<body>
<table>
<tr><th>Test</th><th># Passed</th><th># Skipped</th><th># Retried</th><th># Failed</th><th>Time (ms)</th><th>Included Groups</th><th>Excluded Groups</th></tr>
<tr><th colspan="8">ParallelSuite</th></tr>
<tr><td><a href="#t0">ChromeTests</a></td><td class="num">0</td><td class="num">0</td><td class="num">0</td><td class="num attn">2</td><td class="num">55,928</td><td></td><td></td></tr>
<tr class="stripe"><td><a href="#t1">Rerun failed Tests</a></td><td class="num">0</td><td class="num">0</td><td class="num">0</td><td class="num attn">2</td><td class="num">49,567</td><td></td><td></td></tr>
<tr><th>Total</th><th class="num">0</th><th class="num">0</th><th class="num">0</th><th class="num attn">4</th><th class="num">105,495</th><th colspan="2"></th></tr>
</table>
<table id='summary'><thead><tr><th>Class</th><th>Method</th><th>Start</th><th>Time (ms)</th></tr></thead><tbody><tr><th colspan="4">ParallelSuite</th></tr></tbody><tbody id="t0"><tr><th colspan="4">ChromeTests &#8212; failed</th></tr><tr class="failedeven"><td rowspan="2">testRunners.ParallelTestRunner</td><td><a href="#m0">runScenario</a></td><td rowspan="2">1754202446037</td><td rowspan="2">26585</td></tr><tr class="failedeven"><td><a href="#m1">runScenario</a></td></tr></tbody>
<tbody id="t1"><tr><th colspan="4">Rerun failed Tests &#8212; failed</th></tr><tr class="failedeven"><td rowspan="2">testRunners.FailedTestRunner</td><td><a href="#m2">runScenario</a></td><td rowspan="2">1754202501831</td><td rowspan="2">20470</td></tr><tr class="failedeven"><td><a href="#m3">runScenario</a></td></tr></tbody>
</table>
<h2>ChromeTests</h2><h3 id="m0">testRunners.ParallelTestRunner#runScenario</h3><table class="result"><tr class="param"><th>Parameter #1</th><th>Parameter #2</th></tr><tr class="param stripe"><td>&quot;Verify value in web table&quot;</td><td>&quot;Web Tables&quot;</td></tr><tr><th colspan="2">Exception</th></tr><tr><td colspan="2"><div class="stacktrace">java.lang.NullPointerException: Cannot invoke &quot;com.aventstack.extentreports.ExtentTest.pass(String)&quot; because &quot;hooks.Hooks.test&quot; is null
	at hooks.Hooks.tearDown(Hooks.java:83)
</div></td></tr></table><p class="totop"><a href="#summary">back to summary</a></p>
<h3 id="m1">testRunners.ParallelTestRunner#runScenario</h3><table class="result"><tr class="param"><th>Parameter #1</th><th>Parameter #2</th></tr><tr class="param stripe"><td>&quot;Verify value in web table&quot;</td><td>&quot;Web Tables&quot;</td></tr><tr><th colspan="2">Exception</th></tr><tr><td colspan="2"><div class="stacktrace">java.lang.NullPointerException: Cannot invoke &quot;com.aventstack.extentreports.ExtentTest.pass(String)&quot; because &quot;hooks.Hooks.test&quot; is null
	at hooks.Hooks.tearDown(Hooks.java:83)
</div></td></tr></table><p class="totop"><a href="#summary">back to summary</a></p>
<h2>Rerun failed Tests</h2><h3 id="m2">testRunners.FailedTestRunner#runScenario</h3><table class="result"><tr class="param"><th>Parameter #1</th><th>Parameter #2</th></tr><tr class="param stripe"><td>&quot;Verify value in web table&quot;</td><td>&quot;Web Tables&quot;</td></tr><tr><th colspan="2">Exception</th></tr><tr><td colspan="2"><div class="stacktrace">java.lang.NullPointerException: Cannot invoke &quot;com.aventstack.extentreports.ExtentTest.pass(String)&quot; because &quot;hooks.Hooks.test&quot; is null
	at hooks.Hooks.tearDown(Hooks.java:83)
</div></td></tr></table><p class="totop"><a href="#summary">back to summary</a></p>
<h3 id="m3">testRunners.FailedTestRunner#runScenario</h3><table class="result"><tr class="param"><th>Parameter #1</th><th>Parameter #2</th></tr><tr class="param stripe"><td>&quot;Verify value in web table&quot;</td><td>&quot;Web Tables&quot;</td></tr><tr><th colspan="2">Exception</th></tr><tr><td colspan="2"><div class="stacktrace">java.lang.NullPointerException: Cannot invoke &quot;com.aventstack.extentreports.ExtentTest.pass(String)&quot; because &quot;hooks.Hooks.test&quot; is null
	at hooks.Hooks.tearDown(Hooks.java:83)
</div></td></tr></table><p class="totop"><a href="#summary">back to summary</a></p>
</body>
</html>
