<?xml version="1.0" encoding="UTF-8"?>
<testng-results ignored="0" total="4" passed="0" failed="4" skipped="0">
  <reporter-output>
  </reporter-output>
  <suite started-at="2025-08-03T11:56:56 IST" name="ParallelSuite" finished-at="2025-08-03T11:58:42 IST" duration-ms="105559">
    <groups>
      <group name="cucumber">
        <method signature="AbstractTestNGCucumberTests.runScenario(io.cucumber.testng.PickleWrapper,io.cucumber.testng.FeatureWrapper)[pri:0, instance:testRunners.ParallelTestRunner@27508c5d]" name="runScenario" class="io.cucumber.testng.AbstractTestNGCucumberTests"/>
        <method signature="AbstractTestNGCucumberTests.runScenario(io.cucumber.testng.PickleWrapper,io.cucumber.testng.FeatureWrapper)[pri:0, instance:testRunners.FailedTestRunner@3b74ac8]" name="runScenario" class="io.cucumber.testng.AbstractTestNGCucumberTests"/>
      </group> <!-- cucumber -->
    </groups>
    <test started-at="2025-08-03T11:56:56 IST" name="ChromeTests" finished-at="2025-08-03T11:57:52 IST" duration-ms="55928">
      <class name="testRunners.ParallelTestRunner">
        <test-method is-config="true" signature="setUpClass(org.testng.ITestContext)[pri:0, instance:testRunners.ParallelTestRunner@27508c5d]" started-at="2025-08-03T11:56:56 IST" name="setUpClass" finished-at="2025-08-03T11:56:57 IST" duration-ms="812" status="PASS">
          <params>
            <param index="0">
              <value>
                <![CDATA[org.testng.TestRunner@4ae9cfc1]]>
              </value>
            </param>
          </params>
          <reporter-output>
          </reporter-output>
        </test-method> <!-- setUpClass -->
        <test-method is-config="true" signature="setupBrowser(java.lang.String)[pri:0, instance:testRunners.ParallelTestRunner@27508c5d]" started-at="2025-08-03T11:56:57 IST" name="setupBrowser" finished-at="2025-08-03T11:56:57 IST" duration-ms="4" status="PASS">
          <params>
            <param index="0">
              <value>
                <![CDATA[chrome]]>
              </value>
            </param>
          </params>
          <reporter-output>
          </reporter-output>
        </test-method> <!-- setupBrowser -->
        <test-method signature="runScenario(io.cucumber.testng.PickleWrapper,io.cucumber.testng.FeatureWrapper)[pri:0, instance:testRunners.ParallelTestRunner@27508c5d]" started-at="2025-08-03T11:56:57 IST" name="runScenario" description="Runs Cucumber Scenarios" data-provider="scenarios" finished-at="2025-08-03T11:57:26 IST" duration-ms="28385" status="FAIL">
          <params>
            <param index="0">
              <value>
                <![CDATA["Verify value in web table"]]>
              </value>
            </param>
            <param index="1">
              <value>
                <![CDATA["Web Tables"]]>
              </value>
            </param>
          </params>
          <exception class="java.lang.NullPointerException">
            <message>
              <![CDATA[Cannot invoke "com.aventstack.extentreports.ExtentTest.pass(String)" because "hooks.Hooks.test" is null]]>
            </message>
            <full-stacktrace>
              <![CDATA[java.lang.NullPointerException: Cannot invoke "com.aventstack.extentreports.ExtentTest.pass(String)" because "hooks.Hooks.test" is null
at hooks.Hooks.tearDown(Hooks.java:83)
]]>
            </full-stacktrace>
          </exception> <!-- java.lang.NullPointerException -->
          <reporter-output>
          </reporter-output>
        </test-method> <!-- runScenario -->
        <test-method signature="runScenario(io.cucumber.testng.PickleWrapper,io.cucumber.testng.FeatureWrapper)[pri:0, instance:testRunners.ParallelTestRunner@27508c5d]" started-at="2025-08-03T11:57:26 IST" name="runScenario" description="Runs Cucumber Scenarios" data-provider="scenarios" finished-at="2025-08-03T11:57:52 IST" duration-ms="26585" status="FAIL">
          <params>
            <param index="0">
              <value>
                <![CDATA["Verify value in web table"]]>
              </value>
            </param>
            <param index="1">
              <value>
                <![CDATA["Web Tables"]]>
              </value>
            </param>
          </params>
          <exception class="java.lang.NullPointerException">
            <message>
              <![CDATA[Cannot invoke "com.aventstack.extentreports.ExtentTest.pass(String)" because "hooks.Hooks.test" is null]]>
            </message>
            <full-stacktrace>
              <![CDATA[java.lang.NullPointerException: Cannot invoke "com.aventstack.extentreports.ExtentTest.pass(String)" because "hooks.Hooks.test" is null
at hooks.Hooks.tearDown(Hooks.java:83)
]]>
            </full-stacktrace>
          </exception> <!-- java.lang.NullPointerException -->
          <reporter-output>
          </reporter-output>
        </test-method> <!-- runScenario -->
        <test-method is-config="true" signature="tearDownClass()[pri:0, instance:testRunners.ParallelTestRunner@27508c5d]" started-at="2025-08-03T11:57:52 IST" name="tearDownClass" finished-at="2025-08-03T11:57:52 IST" duration-ms="49" status="PASS">
          <reporter-output>
          </reporter-output>
        </test-method> <!-- tearDownClass -->
      </class> <!-- testRunners.ParallelTestRunner -->
    </test> <!-- ChromeTests -->
    <test started-at="2025-08-03T11:57:52 IST" name="Rerun failed Tests" finished-at="2025-08-03T11:58:42 IST" duration-ms="49567">
      <class name="testRunners.FailedTestRunner">
        <test-method is-config="true" signature="setUpClass(org.testng.ITestContext)[pri:0, instance:testRunners.FailedTestRunner@3b74ac8]" started-at="2025-08-03T11:57:52 IST" name="setUpClass" finished-at="2025-08-03T11:57:52 IST" duration-ms="32" status="PASS">
          <params>
            <param index="0">
              <value>
                <![CDATA[org.testng.TestRunner@512baff6]]>
              </value>
            </param>
          </params>
          <reporter-output>
          </reporter-output>
        </test-method> <!-- setUpClass -->
        <test-method is-config="true" signature="setupBrowser(java.lang.String)[pri:0, instance:testRunners.FailedTestRunner@3b74ac8]" started-at="2025-08-03T11:57:52 IST" name="setupBrowser" finished-at="2025-08-03T11:57:52 IST" duration-ms="1" status="PASS">
          <params>
            <param index="0">
              <value>
                <![CDATA[chrome]]>
              </value>
            </param>
          </params>
          <reporter-output>
          </reporter-output>
        </test-method> <!-- setupBrowser -->
        <test-method signature="runScenario(io.cucumber.testng.PickleWrapper,io.cucumber.testng.FeatureWrapper)[pri:0, instance:testRunners.FailedTestRunner@3b74ac8]" started-at="2025-08-03T11:57:52 IST" name="runScenario" description="Runs Cucumber Scenarios" data-provider="scenarios" finished-at="2025-08-03T11:58:21 IST" duration-ms="29034" status="FAIL">
          <params>
            <param index="0">
              <value>
                <![CDATA["Verify value in web table"]]>
              </value>
            </param>
            <param index="1">
              <value>
                <![CDATA["Web Tables"]]>
              </value>
            </param>
          </params>
          <exception class="java.lang.NullPointerException">
            <message>
              <![CDATA[Cannot invoke "com.aventstack.extentreports.ExtentTest.pass(String)" because "hooks.Hooks.test" is null]]>
            </message>
            <full-stacktrace>
              <![CDATA[java.lang.NullPointerException: Cannot invoke "com.aventstack.extentreports.ExtentTest.pass(String)" because "hooks.Hooks.test" is null
at hooks.Hooks.tearDown(Hooks.java:83)
]]>
            </full-stacktrace>
          </exception> <!-- java.lang.NullPointerException -->
          <reporter-output>
          </reporter-output>
        </test-method> <!-- runScenario -->
        <test-method signature="runScenario(io.cucumber.testng.PickleWrapper,io.cucumber.testng.FeatureWrapper)[pri:0, instance:testRunners.FailedTestRunner@3b74ac8]" started-at="2025-08-03T11:58:21 IST" name="runScenario" description="Runs Cucumber Scenarios" data-provider="scenarios" finished-at="2025-08-03T11:58:42 IST" duration-ms="20470" status="FAIL">
          <params>
            <param index="0">
              <value>
                <![CDATA["Verify value in web table"]]>
              </value>
            </param>
            <param index="1">
              <value>
                <![CDATA["Web Tables"]]>
              </value>
            </param>
          </params>
          <exception class="java.lang.NullPointerException">
            <message>
              <![CDATA[Cannot invoke "com.aventstack.extentreports.ExtentTest.pass(String)" because "hooks.Hooks.test" is null]]>
            </message>
            <full-stacktrace>
              <![CDATA[java.lang.NullPointerException: Cannot invoke "com.aventstack.extentreports.ExtentTest.pass(String)" because "hooks.Hooks.test" is null
at hooks.Hooks.tearDown(Hooks.java:83)
]]>
            </full-stacktrace>
          </exception> <!-- java.lang.NullPointerException -->
          <reporter-output>
          </reporter-output>
        </test-method> <!-- runScenario -->
        <test-method is-config="true" signature="tearDownClass()[pri:0, instance:testRunners.FailedTestRunner@3b74ac8]" started-at="2025-08-03T11:58:42 IST" name="tearDownClass" finished-at="2025-08-03T11:58:42 IST" duration-ms="4" status="PASS">
          <reporter-output>
          </reporter-output>
        </test-method> <!-- tearDownClass -->
      </class> <!-- testRunners.FailedTestRunner -->
    </test> <!-- Rerun failed Tests -->
  </suite> <!-- ParallelSuite -->
</testng-results>
